#
# There is insufficient memory for the Java Runtime Environment to continue.
# Native memory allocation (malloc) failed to allocate 32784 bytes for Chunk::new
# Possible reasons:
#   The system is out of physical RAM or swap space
#   The process is running with CompressedOops enabled, and the Java Heap may be blocking the growth of the native heap
# Possible solutions:
#   Reduce memory load on the system
#   Increase physical memory or swap space
#   Check if swap backing store is full
#   Decrease Java heap size (-Xmx/-Xms)
#   Decrease number of Java threads
#   Decrease Java thread stack sizes (-Xss)
#   Set larger code cache with -XX:ReservedCodeCacheSize=
#   JVM is running with Unscaled Compressed Oops mode in which the Java heap is
#     placed in the first 4GB address space. The Java Heap base address is the
#     maximum limit for the native heap growth. Please use -XX:HeapBaseMinAddress
#     to set the Java Heap base and to place the Java Heap above 4GB virtual address.
# This output file may be truncated or incomplete.
#
#  Out of Memory Error (allocation.cpp:389), pid=7360, tid=0x0000000000005904
#
# JRE version: OpenJDK Runtime Environment (8.0_242-b01) (build 1.8.0_242-release-1644-b01)
# Java VM: OpenJDK 64-Bit Server VM (25.242-b01 mixed mode windows-amd64 compressed oops)
# Failed to write core dump. Minidumps are not enabled by default on client versions of Windows
#

---------------  T H R E A D  ---------------

Current thread (0x000000001876b800):  JavaThread "C2 CompilerThread2" daemon [_thread_in_native, id=22788, stack(0x0000000019230000,0x0000000019330000)]

Stack: [0x0000000019230000,0x0000000019330000]
[error occurred during error reporting (printing stack bounds), id 0xc0000005]

Native frames: (J=compiled Java code, j=interpreted, Vv=VM code, C=native code)


Current CompileTask:
C2:1658484 29929       4       com.android.tools.r8.ir.regalloc.a::a (714 bytes)


---------------  P R O C E S S  ---------------

Java Threads: ( => current thread )
  0x000000001dec1000 JavaThread "WorkerExecutor Queue Thread 4" [_thread_blocked, id=10168, stack(0x000000002a3a0000,0x000000002a4a0000)]
  0x000000001dec4000 JavaThread "WorkerExecutor Queue Thread 3" [_thread_blocked, id=21368, stack(0x000000002a2a0000,0x000000002a3a0000)]
  0x000000001dec1800 JavaThread "Cache worker for Java compile cache (F:\AndroidStudioProjects\Noticeboard\.gradle\6.1.1\javaCompile)" [_thread_blocked, id=25188, stack(0x0000000029ba0000,0x0000000029ca0000)]
  0x000000001debf800 JavaThread "Cache worker for Java compile cache (C:\Users\HP\.gradle\caches\6.1.1\javaCompile)" [_thread_blocked, id=25140, stack(0x0000000029aa0000,0x0000000029ba0000)]
  0x000000001b297800 JavaThread "WorkerExecutor Queue Thread 2" [_thread_blocked, id=24740, stack(0x00000000299a0000,0x0000000029aa0000)]
  0x000000001b296800 JavaThread "stdout" [_thread_in_native, id=24704, stack(0x00000000298a0000,0x00000000299a0000)]
  0x000000001b29d800 JavaThread "stderr" [_thread_in_native, id=20728, stack(0x00000000297a0000,0x00000000298a0000)]
  0x000000001b296000 JavaThread "pool-8-thread-1" [_thread_blocked, id=22660, stack(0x0000000029580000,0x0000000029680000)]
  0x000000001b29a800 JavaThread "WorkerExecutor Queue" [_thread_blocked, id=2020, stack(0x00000000296a0000,0x00000000297a0000)]
  0x000000001b298000 JavaThread "Cache worker for execution history cache (F:\AndroidStudioProjects\Noticeboard\.gradle\6.1.1\executionHistory)" [_thread_blocked, id=11752, stack(0x0000000029480000,0x0000000029580000)]
  0x000000001b299000 JavaThread "Execution worker for ':' Thread 7" [_thread_in_Java, id=2232, stack(0x0000000029380000,0x0000000029480000)]
  0x000000001b29c800 JavaThread "Execution worker for ':' Thread 6" [_thread_in_Java, id=12540, stack(0x0000000029280000,0x0000000029380000)]
  0x000000001b28e800 JavaThread "Execution worker for ':' Thread 5" [_thread_blocked, id=18568, stack(0x0000000028f80000,0x0000000029080000)]
  0x000000001b293800 JavaThread "Execution worker for ':' Thread 4" [_thread_in_Java, id=15744, stack(0x0000000028e80000,0x0000000028f80000)]
  0x000000001b291800 JavaThread "Execution worker for ':' Thread 3" [_thread_in_Java, id=12832, stack(0x0000000028d80000,0x0000000028e80000)]
  0x000000001b290800 JavaThread "Execution worker for ':' Thread 2" [_thread_in_vm, id=25220, stack(0x0000000028c80000,0x0000000028d80000)]
  0x000000001b295000 JavaThread "Execution worker for ':'" [_thread_in_Java, id=23144, stack(0x0000000028b80000,0x0000000028c80000)]
  0x000000001b290000 JavaThread "Cache worker for file content cache (F:\AndroidStudioProjects\Noticeboard\.gradle\6.1.1\fileContent)" [_thread_blocked, id=11484, stack(0x0000000028a80000,0x0000000028b80000)]
  0x000000001b28f000 JavaThread "Cache worker for Build Output Cleanup Cache (F:\AndroidStudioProjects\Noticeboard\.gradle\buildOutputCleanup)" [_thread_blocked, id=25108, stack(0x0000000028880000,0x0000000028980000)]
  0x000000001b293000 JavaThread "Build operations Thread 8" [_thread_blocked, id=9708, stack(0x0000000028660000,0x0000000028760000)]
  0x0000000020f6f000 JavaThread "Build operations Thread 7" [_thread_blocked, id=2504, stack(0x0000000026910000,0x0000000026a10000)]
  0x0000000020f6e800 JavaThread "Build operations Thread 6" [_thread_blocked, id=24920, stack(0x0000000023670000,0x0000000023770000)]
  0x0000000020f6c000 JavaThread "Build operations Thread 5" [_thread_blocked, id=6196, stack(0x0000000022f70000,0x0000000023070000)]
  0x0000000020f70000 JavaThread "Build operations Thread 4" [_thread_blocked, id=13144, stack(0x0000000022e70000,0x0000000022f70000)]
  0x0000000020f6d800 JavaThread "Build operations Thread 3" [_thread_blocked, id=2148, stack(0x0000000022d70000,0x0000000022e70000)]
  0x0000000020f70800 JavaThread "Build operations Thread 2" [_thread_blocked, id=16420, stack(0x0000000022c70000,0x0000000022d70000)]
  0x0000000020f6b800 JavaThread "Build operations" [_thread_blocked, id=9812, stack(0x0000000022b70000,0x0000000022c70000)]
  0x0000000020f6d000 JavaThread "Cache worker for cache directory md-rule (C:\Users\HP\.gradle\caches\6.1.1\md-rule)" [_thread_blocked, id=10840, stack(0x0000000022a70000,0x0000000022b70000)]
  0x0000000020f64000 JavaThread "Cache worker for cache directory md-supplier (C:\Users\HP\.gradle\caches\6.1.1\md-supplier)" [_thread_blocked, id=25216, stack(0x000000001fea0000,0x000000001ffa0000)]
  0x0000000020f6a800 JavaThread "Cache worker for file hash cache (F:\AndroidStudioProjects\Noticeboard\.gradle\6.1.1\fileHashes)" [_thread_blocked, id=24904, stack(0x000000001f8f0000,0x000000001f9f0000)]
  0x0000000020f67800 JavaThread "Cache worker for checksums cache (F:\AndroidStudioProjects\Noticeboard\.gradle\checksums)" [_thread_blocked, id=24908, stack(0x000000001f7f0000,0x000000001f8f0000)]
  0x0000000020f6a000 JavaThread "Thread-145" [_thread_blocked, id=24912, stack(0x000000001f6f0000,0x000000001f7f0000)]
  0x0000000020f66000 JavaThread "Stdin handler" [_thread_blocked, id=16856, stack(0x000000001cd50000,0x000000001ce50000)]
  0x0000000020f69000 JavaThread "Asynchronous log dispatcher for DefaultDaemonConnection: socket connection from /127.0.0.1:63510 to /127.0.0.1:64276" [_thread_blocked, id=25208, stack(0x000000001c850000,0x000000001c950000)]
  0x0000000020f67000 JavaThread "Cancel handler" [_thread_blocked, id=8452, stack(0x0000000000e60000,0x0000000000f60000)]
  0x0000000020f65800 JavaThread "Handler for socket connection from /127.0.0.1:63510 to /127.0.0.1:64276" [_thread_in_native, id=17308, stack(0x0000000000d60000,0x0000000000e60000)]
  0x000000001bcb6000 JavaThread "Daemon worker Thread 5" [_thread_in_Java, id=18108, stack(0x000000001c750000,0x000000001c850000)]
  0x000000001bcbb000 JavaThread "Daemon Thread 5" [_thread_blocked, id=8020, stack(0x0000000000c60000,0x0000000000d60000)]
  0x000000001bcb8800 JavaThread "MarlinRenderer Disposer" daemon [_thread_blocked, id=21168, stack(0x000000002b560000,0x000000002b660000)]
  0x000000001bcb7000 JavaThread "Java2D Disposer" daemon [_thread_blocked, id=17204, stack(0x000000002b690000,0x000000002b790000)]
  0x000000001dec2800 JavaThread "Cache worker for file content cache (C:\Users\HP\.gradle\caches\6.1.1\fileContent)" [_thread_blocked, id=18024, stack(0x0000000028780000,0x0000000028880000)]
  0x000000001dec4800 JavaThread "Memory manager" [_thread_blocked, id=11856, stack(0x0000000026b10000,0x0000000026c10000)]
  0x00000000197ba000 JavaThread "Cache worker for execution history cache (C:\Users\HP\.gradle\caches\6.1.1\executionHistory)" [_thread_in_native, id=22124, stack(0x000000001ffa0000,0x00000000200a0000)]
  0x00000000197b8000 JavaThread "Cache worker for file hash cache (C:\Users\HP\.gradle\caches\6.1.1\fileHashes)" [_thread_blocked, id=18724, stack(0x000000001d450000,0x000000001d550000)]
  0x00000000197b7000 JavaThread "File lock request listener" [_thread_in_native, id=9352, stack(0x000000001d350000,0x000000001d450000)]
  0x000000001b285000 JavaThread "Cache worker for journal cache (C:\Users\HP\.gradle\caches\journal-1)" [_thread_blocked, id=22484, stack(0x000000001d250000,0x000000001d350000)]
  0x000000001b16f800 JavaThread "Daemon periodic checks" [_thread_blocked, id=3348, stack(0x000000001c650000,0x000000001c750000)]
  0x000000001b10d800 JavaThread "Incoming local TCP Connector on port 63510" [_thread_in_native, id=17316, stack(0x000000001c410000,0x000000001c510000)]
  0x000000001b04e800 JavaThread "Daemon health stats" [_thread_blocked, id=23388, stack(0x000000001bdd0000,0x000000001bed0000)]
  0x00000000187d1000 JavaThread "Service Thread" daemon [_thread_blocked, id=21416, stack(0x0000000019430000,0x0000000019530000)]
  0x0000000018773800 JavaThread "C1 CompilerThread3" daemon [_thread_blocked, id=12388, stack(0x0000000019330000,0x0000000019430000)]
=>0x000000001876b800 JavaThread "C2 CompilerThread2" daemon [_thread_in_native, id=22788, stack(0x0000000019230000,0x0000000019330000)]
  0x000000001693b000 JavaThread "C2 CompilerThread1" daemon [_thread_in_native, id=22784, stack(0x0000000019130000,0x0000000019230000)]
  0x0000000018761000 JavaThread "C2 CompilerThread0" daemon [_thread_in_native, id=22796, stack(0x0000000019030000,0x0000000019130000)]
  0x0000000018760000 JavaThread "Attach Listener" daemon [_thread_blocked, id=7988, stack(0x0000000018f30000,0x0000000019030000)]
  0x000000001875f000 JavaThread "Signal Dispatcher" daemon [_thread_blocked, id=8404, stack(0x0000000018e30000,0x0000000018f30000)]
  0x0000000018751800 JavaThread "Finalizer" daemon [_thread_blocked, id=3624, stack(0x0000000018c30000,0x0000000018d30000)]
  0x0000000018750800 JavaThread "Reference Handler" daemon [_thread_blocked, id=21124, stack(0x0000000018b30000,0x0000000018c30000)]
  0x000000000296d800 JavaThread "main" [_thread_blocked, id=21180, stack(0x0000000002970000,0x0000000002a70000)]

Other Threads:
  0x0000000016928000 VMThread [stack: 0x0000000018630000,0x0000000018730000] [id=12064]
  0x00000000187f4800 WatcherThread [stack: 0x0000000019530000,0x0000000019630000] [id=16304]

VM state:not at safepoint (normal execution)

VM Mutex/Monitor currently owned by a thread: None

heap address: 0x00000000a0000000, size: 1536 MB, Compressed Oops mode: 32-bit
Narrow klass base: 0x0000000000000000, Narrow klass shift: 3
Compressed class space size: 1073741824 Address: 0x0000000100000000

Heap:
 PSYoungGen      total 489984K, used 104658K [0x00000000e0000000, 0x00000000ffc80000, 0x0000000100000000)
  eden space 459264K, 19% used [0x00000000e0000000,0x00000000e573e3f8,0x00000000fc080000)
  from space 30720K, 49% used [0x00000000fc080000,0x00000000fcf76420,0x00000000fde80000)
  to   space 28672K, 0% used [0x00000000fe080000,0x00000000fe080000,0x00000000ffc80000)
 ParOldGen       total 407552K, used 268210K [0x00000000a0000000, 0x00000000b8e00000, 0x00000000e0000000)
  object space 407552K, 65% used [0x00000000a0000000,0x00000000b05ecad0,0x00000000b8e00000)
 Metaspace       used 115120K, capacity 120372K, committed 122032K, reserved 1155072K
  class space    used 14366K, capacity 15387K, committed 15792K, reserved 1048576K

Card table byte_map: [0x0000000011f30000,0x0000000012240000] byte_map_base: 0x0000000011a30000

Marking Bits: (ParMarkBitMap*) 0x0000000075bef030
 Begin Bits: [0x0000000012c40000, 0x0000000014440000)
 End Bits:   [0x0000000014440000, 0x0000000015c40000)

Polling page: 0x0000000000a80000

CodeCache: size=245760Kb used=84040Kb max_used=84457Kb free=161719Kb
 bounds [0x0000000002b70000, 0x0000000007e90000, 0x0000000011b70000]
 total_blobs=23652 nmethods=22599 adapters=964
 compilation: enabled

Compilation events (10 events):
Event: 1658.338 Thread 0x000000001693b000 nmethod 29939 0x0000000007b84350 code [0x0000000007b84640, 0x0000000007b874e8]
Event: 1658.338 Thread 0x0000000018761000 nmethod 29945 0x00000000072ec8d0 code [0x00000000072eca20, 0x00000000072ecd58]
Event: 1658.338 Thread 0x0000000018761000 29947       4       com.android.tools.r8.B.a.a.f::a (3630 bytes)
Event: 1658.338 Thread 0x000000001693b000 29936 %     4       java.util.IdentityHashMap$KeySpliterator::forEachRemaining @ 59 (112 bytes)
Event: 1658.352 Thread 0x000000001693b000 nmethod 29936% 0x00000000072ee190 code [0x00000000072ee300, 0x00000000072ee718]
Event: 1658.352 Thread 0x000000001693b000 29938 % !   4       com.android.tools.r8.dex.r::b @ 460 (2682 bytes)
Event: 1658.352 Thread 0x0000000018773800 29948       1       com.android.tools.r8.u.b.l0::N2 (5 bytes)
Event: 1658.353 Thread 0x0000000018773800 nmethod 29948 0x00000000072ec610 code [0x00000000072ec760, 0x00000000072ec870]
Event: 1658.439 Thread 0x0000000018773800 29958       3       com.android.tools.r8.v.a.a.a.h.X::get (134 bytes)
Event: 1658.441 Thread 0x0000000018773800 nmethod 29958 0x00000000072ed310 code [0x00000000072ed500, 0x00000000072edd38]

GC Heap History (10 events):
Event: 1654.705 GC heap before
{Heap before GC invocations=60 (full 5):
 PSYoungGen      total 483328K, used 477818K [0x00000000e0000000, 0x0000000100000000, 0x0000000100000000)
  eden space 452608K, 100% used [0x00000000e0000000,0x00000000fba00000,0x00000000fba00000)
  from space 30720K, 82% used [0x00000000fe200000,0x00000000ffa9e8c8,0x0000000100000000)
  to   space 35840K, 0% used [0x00000000fba00000,0x00000000fba00000,0x00000000fdd00000)
 ParOldGen       total 407552K, used 208526K [0x00000000a0000000, 0x00000000b8e00000, 0x00000000e0000000)
  object space 407552K, 51% used [0x00000000a0000000,0x00000000acba3ac0,0x00000000b8e00000)
 Metaspace       used 115102K, capacity 120366K, committed 122032K, reserved 1155072K
  class space    used 14363K, capacity 15386K, committed 15792K, reserved 1048576K
Event: 1654.742 GC heap after
Heap after GC invocations=60 (full 5):
 PSYoungGen      total 488448K, used 13679K [0x00000000e0000000, 0x0000000100000000, 0x0000000100000000)
  eden space 452608K, 0% used [0x00000000e0000000,0x00000000e0000000,0x00000000fba00000)
  from space 35840K, 38% used [0x00000000fba00000,0x00000000fc75bef0,0x00000000fdd00000)
  to   space 33792K, 0% used [0x00000000fdf00000,0x00000000fdf00000,0x0000000100000000)
 ParOldGen       total 407552K, used 231296K [0x00000000a0000000, 0x00000000b8e00000, 0x00000000e0000000)
  object space 407552K, 56% used [0x00000000a0000000,0x00000000ae1e0270,0x00000000b8e00000)
 Metaspace       used 115102K, capacity 120366K, committed 122032K, reserved 1155072K
  class space    used 14363K, capacity 15386K, committed 15792K, reserved 1048576K
}
Event: 1655.478 GC heap before
{Heap before GC invocations=61 (full 5):
 PSYoungGen      total 488448K, used 466287K [0x00000000e0000000, 0x0000000100000000, 0x0000000100000000)
  eden space 452608K, 100% used [0x00000000e0000000,0x00000000fba00000,0x00000000fba00000)
  from space 35840K, 38% used [0x00000000fba00000,0x00000000fc75bef0,0x00000000fdd00000)
  to   space 33792K, 0% used [0x00000000fdf00000,0x00000000fdf00000,0x0000000100000000)
 ParOldGen       total 407552K, used 231296K [0x00000000a0000000, 0x00000000b8e00000, 0x00000000e0000000)
  object space 407552K, 56% used [0x00000000a0000000,0x00000000ae1e0270,0x00000000b8e00000)
 Metaspace       used 115104K, capacity 120368K, committed 122032K, reserved 1155072K
  class space    used 14364K, capacity 15387K, committed 15792K, reserved 1048576K
Event: 1655.496 GC heap after
Heap after GC invocations=61 (full 5):
 PSYoungGen      total 485376K, used 8176K [0x00000000e0000000, 0x00000000ffd00000, 0x0000000100000000)
  eden space 454656K, 0% used [0x00000000e0000000,0x00000000e0000000,0x00000000fbc00000)
  from space 30720K, 26% used [0x00000000fdf00000,0x00000000fe6fc020,0x00000000ffd00000)
  to   space 33280K, 0% used [0x00000000fbc00000,0x00000000fbc00000,0x00000000fdc80000)
 ParOldGen       total 407552K, used 243165K [0x00000000a0000000, 0x00000000b8e00000, 0x00000000e0000000)
  object space 407552K, 59% used [0x00000000a0000000,0x00000000aed77458,0x00000000b8e00000)
 Metaspace       used 115104K, capacity 120368K, committed 122032K, reserved 1155072K
  class space    used 14364K, capacity 15387K, committed 15792K, reserved 1048576K
}
Event: 1656.311 GC heap before
{Heap before GC invocations=62 (full 5):
 PSYoungGen      total 485376K, used 462832K [0x00000000e0000000, 0x00000000ffd00000, 0x0000000100000000)
  eden space 454656K, 100% used [0x00000000e0000000,0x00000000fbc00000,0x00000000fbc00000)
  from space 30720K, 26% used [0x00000000fdf00000,0x00000000fe6fc020,0x00000000ffd00000)
  to   space 33280K, 0% used [0x00000000fbc00000,0x00000000fbc00000,0x00000000fdc80000)
 ParOldGen       total 407552K, used 243165K [0x00000000a0000000, 0x00000000b8e00000, 0x00000000e0000000)
  object space 407552K, 59% used [0x00000000a0000000,0x00000000aed77458,0x00000000b8e00000)
 Metaspace       used 115107K, capacity 120368K, committed 122032K, reserved 1155072K
  class space    used 14364K, capacity 15387K, committed 15792K, reserved 1048576K
Event: 1656.342 GC heap after
Heap after GC invocations=62 (full 5):
 PSYoungGen      total 487936K, used 11433K [0x00000000e0000000, 0x00000000fff80000, 0x0000000100000000)
  eden space 454656K, 0% used [0x00000000e0000000,0x00000000e0000000,0x00000000fbc00000)
  from space 33280K, 34% used [0x00000000fbc00000,0x00000000fc72a6d0,0x00000000fdc80000)
  to   space 31744K, 0% used [0x00000000fe080000,0x00000000fe080000,0x00000000fff80000)
 ParOldGen       total 407552K, used 247060K [0x00000000a0000000, 0x00000000b8e00000, 0x00000000e0000000)
  object space 407552K, 60% used [0x00000000a0000000,0x00000000af145168,0x00000000b8e00000)
 Metaspace       used 115107K, capacity 120368K, committed 122032K, reserved 1155072K
  class space    used 14364K, capacity 15387K, committed 15792K, reserved 1048576K
}
Event: 1657.267 GC heap before
{Heap before GC invocations=63 (full 5):
 PSYoungGen      total 487936K, used 466089K [0x00000000e0000000, 0x00000000fff80000, 0x0000000100000000)
  eden space 454656K, 100% used [0x00000000e0000000,0x00000000fbc00000,0x00000000fbc00000)
  from space 33280K, 34% used [0x00000000fbc00000,0x00000000fc72a6d0,0x00000000fdc80000)
  to   space 31744K, 0% used [0x00000000fe080000,0x00000000fe080000,0x00000000fff80000)
 ParOldGen       total 407552K, used 247474K [0x00000000a0000000, 0x00000000b8e00000, 0x00000000e0000000)
  object space 407552K, 60% used [0x00000000a0000000,0x00000000af1ac858,0x00000000b8e00000)
 Metaspace       used 115114K, capacity 120368K, committed 122032K, reserved 1155072K
  class space    used 14365K, capacity 15387K, committed 15792K, reserved 1048576K
Event: 1657.294 GC heap after
Heap after GC invocations=63 (full 5):
 PSYoungGen      total 487936K, used 11634K [0x00000000e0000000, 0x00000000ffc80000, 0x0000000100000000)
  eden space 459264K, 0% used [0x00000000e0000000,0x00000000e0000000,0x00000000fc080000)
  from space 28672K, 40% used [0x00000000fe080000,0x00000000febdca80,0x00000000ffc80000)
  to   space 30720K, 0% used [0x00000000fc080000,0x00000000fc080000,0x00000000fde80000)
 ParOldGen       total 407552K, used 257267K [0x00000000a0000000, 0x00000000b8e00000, 0x00000000e0000000)
  object space 407552K, 63% used [0x00000000a0000000,0x00000000afb3cd48,0x00000000b8e00000)
 Metaspace       used 115114K, capacity 120368K, committed 122032K, reserved 1155072K
  class space    used 14365K, capacity 15387K, committed 15792K, reserved 1048576K
}
Event: 1658.278 GC heap before
{Heap before GC invocations=64 (full 5):
 PSYoungGen      total 487936K, used 470898K [0x00000000e0000000, 0x00000000ffc80000, 0x0000000100000000)
  eden space 459264K, 100% used [0x00000000e0000000,0x00000000fc080000,0x00000000fc080000)
  from space 28672K, 40% used [0x00000000fe080000,0x00000000febdca80,0x00000000ffc80000)
  to   space 30720K, 0% used [0x00000000fc080000,0x00000000fc080000,0x00000000fde80000)
 ParOldGen       total 407552K, used 258146K [0x00000000a0000000, 0x00000000b8e00000, 0x00000000e0000000)
  object space 407552K, 63% used [0x00000000a0000000,0x00000000afc188d8,0x00000000b8e00000)
 Metaspace       used 115119K, capacity 120372K, committed 122032K, reserved 1155072K
  class space    used 14365K, capacity 15387K, committed 15792K, reserved 1048576K
Event: 1658.316 GC heap after
Heap after GC invocations=64 (full 5):
 PSYoungGen      total 489984K, used 15321K [0x00000000e0000000, 0x00000000ffc80000, 0x0000000100000000)
  eden space 459264K, 0% used [0x00000000e0000000,0x00000000e0000000,0x00000000fc080000)
  from space 30720K, 49% used [0x00000000fc080000,0x00000000fcf76420,0x00000000fde80000)
  to   space 28672K, 0% used [0x00000000fe080000,0x00000000fe080000,0x00000000ffc80000)
 ParOldGen       total 407552K, used 268210K [0x00000000a0000000, 0x00000000b8e00000, 0x00000000e0000000)
  object space 407552K, 65% used [0x00000000a0000000,0x00000000b05ecad0,0x00000000b8e00000)
 Metaspace       used 115119K, capacity 120372K, committed 122032K, reserved 1155072K
  class space    used 14365K, capacity 15387K, committed 15792K, reserved 1048576K
}

Deoptimization events (10 events):
Event: 1656.729 Thread 0x000000001b290800 Uncommon trap: reason=array_check action=maybe_recompile pc=0x0000000007a0dd08 method=java.util.TimSort.mergeLo(IIII)V @ 212
Event: 1657.089 Thread 0x000000001b293800 Uncommon trap: reason=predicate action=maybe_recompile pc=0x00000000068bf6f0 method=com.android.tools.r8.s.a.a.b.W.a([Ljava/lang/Object;I)I @ 14
Event: 1657.137 Thread 0x000000001b295000 Uncommon trap: reason=array_check action=maybe_recompile pc=0x0000000007c2caec method=com.android.tools.r8.s.a.a.b.W.a([Ljava/lang/Object;I)I @ 32
Event: 1657.137 Thread 0x000000001b295000 Uncommon trap: reason=array_check action=maybe_recompile pc=0x0000000007c2caec method=com.android.tools.r8.s.a.a.b.W.a([Ljava/lang/Object;I)I @ 32
Event: 1657.137 Thread 0x000000001b295000 Uncommon trap: reason=array_check action=maybe_recompile pc=0x0000000007c2caec method=com.android.tools.r8.s.a.a.b.W.a([Ljava/lang/Object;I)I @ 32
Event: 1657.137 Thread 0x000000001b295000 Uncommon trap: reason=array_check action=maybe_recompile pc=0x0000000007c2caec method=com.android.tools.r8.s.a.a.b.W.a([Ljava/lang/Object;I)I @ 32
Event: 1657.513 Thread 0x000000001b299000 Uncommon trap: reason=bimorphic action=maybe_recompile pc=0x00000000070af21c method=com.android.tools.r8.ir.regalloc.g.b()V @ 800
Event: 1658.120 Thread 0x000000001b28e800 Uncommon trap: reason=array_check action=maybe_recompile pc=0x0000000007ac07f4 method=java.util.TimSort.mergeLo(IIII)V @ 375
Event: 1658.120 Thread 0x000000001b28e800 Uncommon trap: reason=array_check action=maybe_recompile pc=0x00000000079a3294 method=java.util.TimSort.mergeHi(IIII)V @ 250
Event: 1658.120 Thread 0x000000001b28e800 Uncommon trap: reason=array_check action=maybe_recompile pc=0x0000000007ac0758 method=java.util.TimSort.mergeLo(IIII)V @ 590

Classes redefined (0 events):
No events

Internal exceptions (10 events):
Event: 1654.274 Thread 0x000000001bcb6000 Exception <a 'sun/nio/fs/WindowsException'> (0x00000000ecc3f6a8) thrown at [C:\src\AOSP-openjdk-git\hotspot\src\share\vm\prims\jni.cpp, line 710]
Event: 1655.759 Thread 0x000000001b28e800 Implicit null exception at 0x000000000709d98f to 0x000000000709e4c1
Event: 1655.797 Thread 0x000000001bcb6000 Exception <a 'sun/nio/fs/WindowsException'> (0x00000000eace1ea0) thrown at [C:\src\AOSP-openjdk-git\hotspot\src\share\vm\prims\jni.cpp, line 710]
Event: 1656.084 Thread 0x000000001b295000 Implicit null exception at 0x0000000007e00664 to 0x0000000007e00909
Event: 1656.096 Thread 0x000000001bcb6000 Exception <a 'sun/nio/fs/WindowsException'> (0x00000000f4688278) thrown at [C:\src\AOSP-openjdk-git\hotspot\src\share\vm\prims\jni.cpp, line 710]
Event: 1656.260 Thread 0x000000001b28e800 Exception <a 'sun/nio/fs/WindowsException'> (0x00000000f957ddc8) thrown at [C:\src\AOSP-openjdk-git\hotspot\src\share\vm\prims\jni.cpp, line 710]
Event: 1656.576 Thread 0x000000001b28e800 Exception <a 'sun/nio/fs/WindowsException'> (0x00000000e767e090) thrown at [C:\src\AOSP-openjdk-git\hotspot\src\share\vm\prims\jni.cpp, line 710]
Event: 1656.800 Thread 0x000000001b290800 Exception <a 'sun/nio/fs/WindowsException'> (0x00000000ef4c5550) thrown at [C:\src\AOSP-openjdk-git\hotspot\src\share\vm\prims\jni.cpp, line 710]
Event: 1658.222 Thread 0x000000001b28e800 Exception <a 'sun/nio/fs/WindowsException'> (0x00000000fa0d0900) thrown at [C:\src\AOSP-openjdk-git\hotspot\src\share\vm\prims\jni.cpp, line 710]
Event: 1658.328 Thread 0x000000001b290800 Exception <a 'sun/nio/fs/WindowsException'> (0x00000000e00cb770) thrown at [C:\src\AOSP-openjdk-git\hotspot\src\share\vm\prims\jni.cpp, line 710]

Events (10 events):
Event: 1658.373 Thread 0x000000001b290800 DEOPT PACKING pc=0x00000000066aaa4e sp=0x0000000028d79ec0
Event: 1658.373 Thread 0x000000001b290800 DEOPT UNPACKING pc=0x0000000002bb71d0 sp=0x0000000028d79ca0 mode 0
Event: 1658.444 Thread 0x000000001b290800 DEOPT PACKING pc=0x0000000004ab0f49 sp=0x0000000028d798e0
Event: 1658.444 Thread 0x000000001b290800 DEOPT UNPACKING pc=0x0000000002bb71d0 sp=0x0000000028d79658 mode 0
Event: 1658.455 Thread 0x000000001b290800 DEOPT PACKING pc=0x00000000066aaa4e sp=0x0000000028d79e40
Event: 1658.455 Thread 0x000000001b290800 DEOPT UNPACKING pc=0x0000000002bb71d0 sp=0x0000000028d79c20 mode 0
Event: 1658.466 Thread 0x000000001b290800 DEOPT PACKING pc=0x000000000690e7c2 sp=0x0000000028d7a110
Event: 1658.466 Thread 0x000000001b290800 DEOPT UNPACKING pc=0x0000000002bb71d0 sp=0x0000000028d79e68 mode 0
Event: 1658.468 Thread 0x000000001b290800 DEOPT PACKING pc=0x0000000007c5e6ff sp=0x0000000028d7a1a0
Event: 1658.469 Thread 0x000000001b290800 DEOPT UNPACKING pc=0x0000000002bb71d0 sp=0x0000000028d7a2a0 mode 0


Dynamic libraries:
0x00007ff70d220000 - 0x00007ff70d251000 	C:\Program Files\Android\Android Studio\jre\bin\java.exe
0x00007ffa764c0000 - 0x00007ffa766b0000 	C:\Windows\SYSTEM32\ntdll.dll
0x00007ffa75e90000 - 0x00007ffa75f42000 	C:\Windows\System32\KERNEL32.DLL
0x00007ffa73500000 - 0x00007ffa737a5000 	C:\Windows\System32\KERNELBASE.dll
0x00007ffa75dd0000 - 0x00007ffa75e73000 	C:\Windows\System32\ADVAPI32.dll
0x00007ffa74570000 - 0x00007ffa7460e000 	C:\Windows\System32\msvcrt.dll
0x00007ffa75670000 - 0x00007ffa75707000 	C:\Windows\System32\sechost.dll
0x00007ffa75710000 - 0x00007ffa75830000 	C:\Windows\System32\RPCRT4.dll
0x00007ffa758d0000 - 0x00007ffa75a64000 	C:\Windows\System32\USER32.dll
0x00007ffa74140000 - 0x00007ffa74161000 	C:\Windows\System32\win32u.dll
0x00007ffa75830000 - 0x00007ffa75856000 	C:\Windows\System32\GDI32.dll
0x00007ffa743d0000 - 0x00007ffa74566000 	C:\Windows\System32\gdi32full.dll
0x00007ffa737b0000 - 0x00007ffa7384e000 	C:\Windows\System32\msvcp_win.dll
0x00007ffa74170000 - 0x00007ffa7426a000 	C:\Windows\System32\ucrtbase.dll
0x00007ffa5a460000 - 0x00007ffa5a6e4000 	C:\Windows\WinSxS\amd64_microsoft.windows.common-controls_6595b64144ccf1df_6.0.18362.1139_none_9e7bf2d3e4605ac6\COMCTL32.dll
0x00007ffa76050000 - 0x00007ffa76385000 	C:\Windows\System32\combase.dll
0x00007ffa74270000 - 0x00007ffa742f0000 	C:\Windows\System32\bcryptPrimitives.dll
0x00007ffa76020000 - 0x00007ffa7604e000 	C:\Windows\System32\IMM32.DLL
0x00000000770f0000 - 0x00000000771c2000 	C:\Program Files\Android\Android Studio\jre\jre\bin\msvcr100.dll
0x0000000075420000 - 0x0000000075c6b000 	C:\Program Files\Android\Android Studio\jre\jre\bin\server\jvm.dll
0x00007ffa75e80000 - 0x00007ffa75e88000 	C:\Windows\System32\PSAPI.DLL
0x00007ffa709d0000 - 0x00007ffa709f4000 	C:\Windows\SYSTEM32\WINMM.dll
0x00007ffa6c600000 - 0x00007ffa6c60a000 	C:\Windows\SYSTEM32\VERSION.dll
0x00007ffa6e5c0000 - 0x00007ffa6e5c9000 	C:\Windows\SYSTEM32\WSOCK32.dll
0x00007ffa74a20000 - 0x00007ffa74a8f000 	C:\Windows\System32\WS2_32.dll
0x00007ffa707c0000 - 0x00007ffa707ed000 	C:\Windows\SYSTEM32\winmmbase.dll
0x00007ffa734b0000 - 0x00007ffa734fa000 	C:\Windows\System32\cfgmgr32.dll
0x00007ffa60cc0000 - 0x00007ffa60ccf000 	C:\Program Files\Android\Android Studio\jre\jre\bin\verify.dll
0x00007ffa5fa00000 - 0x00007ffa5fa29000 	C:\Program Files\Android\Android Studio\jre\jre\bin\java.dll
0x00007ffa5c180000 - 0x00007ffa5c196000 	C:\Program Files\Android\Android Studio\jre\jre\bin\zip.dll
0x00007ffa74b10000 - 0x00007ffa751f7000 	C:\Windows\System32\SHELL32.dll
0x00007ffa74630000 - 0x00007ffa746d9000 	C:\Windows\System32\shcore.dll
0x00007ffa73850000 - 0x00007ffa73fd0000 	C:\Windows\System32\windows.storage.dll
0x00007ffa733d0000 - 0x00007ffa733f3000 	C:\Windows\System32\profapi.dll
0x00007ffa73400000 - 0x00007ffa7344a000 	C:\Windows\System32\powrprof.dll
0x00007ffa73380000 - 0x00007ffa73390000 	C:\Windows\System32\UMPDC.dll
0x00007ffa749c0000 - 0x00007ffa74a12000 	C:\Windows\System32\shlwapi.dll
0x00007ffa733b0000 - 0x00007ffa733c1000 	C:\Windows\System32\kernel.appcore.dll
0x00007ffa74120000 - 0x00007ffa74137000 	C:\Windows\System32\cryptsp.dll
0x00007ffa5c160000 - 0x00007ffa5c17a000 	C:\Program Files\Android\Android Studio\jre\jre\bin\net.dll
0x00007ffa72b20000 - 0x00007ffa72b87000 	C:\Windows\system32\mswsock.dll
0x00007ffa5c140000 - 0x00007ffa5c153000 	C:\Program Files\Android\Android Studio\jre\jre\bin\nio.dll
0x00007ffa5ad60000 - 0x00007ffa5ad86000 	C:\Users\HP\.gradle\native\31\windows-amd64\native-platform.dll
0x00007ffa5f9f0000 - 0x00007ffa5f9fd000 	C:\Program Files\Android\Android Studio\jre\jre\bin\management.dll
0x00007ffa726a0000 - 0x00007ffa726d3000 	C:\Windows\system32\rsaenh.dll
0x00007ffa743a0000 - 0x00007ffa743c6000 	C:\Windows\System32\bcrypt.dll
0x00007ffa732a0000 - 0x00007ffa732c5000 	C:\Windows\SYSTEM32\USERENV.dll
0x00007ffa72ca0000 - 0x00007ffa72cac000 	C:\Windows\SYSTEM32\CRYPTBASE.dll
0x00007ffa72840000 - 0x00007ffa7287a000 	C:\Windows\SYSTEM32\IPHLPAPI.DLL
0x00007ffa75c80000 - 0x00007ffa75c88000 	C:\Windows\System32\NSI.dll
0x00007ffa68790000 - 0x00007ffa687a6000 	C:\Windows\SYSTEM32\dhcpcsvc6.DLL
0x00007ffa6a7f0000 - 0x00007ffa6a80c000 	C:\Windows\SYSTEM32\dhcpcsvc.DLL
0x00007ffa72880000 - 0x00007ffa7294b000 	C:\Windows\SYSTEM32\DNSAPI.dll
0x00007ffa5ba50000 - 0x00007ffa5ba74000 	C:\Program Files\Android\Android Studio\jre\jre\bin\sunec.dll
0x00007ffa5d6c0000 - 0x00007ffa5d6ca000 	C:\Windows\System32\rasadhlp.dll
0x00007ffa687f0000 - 0x00007ffa687fb000 	C:\Program Files\Android\Android Studio\jre\jre\bin\sunmscapi.dll
0x00007ffa73fd0000 - 0x00007ffa74119000 	C:\Windows\System32\CRYPT32.dll
0x00007ffa73390000 - 0x00007ffa733a2000 	C:\Windows\System32\MSASN1.dll
0x00007ffa72380000 - 0x00007ffa723b1000 	C:\Windows\SYSTEM32\ntmarta.dll
0x00007ffa71060000 - 0x00007ffa710ef000 	C:\Windows\system32\apphelp.dll
0x00007ffa3e9c0000 - 0x00007ffa3eb5c000 	C:\Program Files\Android\Android Studio\jre\jre\bin\awt.dll
0x00007ffa75f50000 - 0x00007ffa76015000 	C:\Windows\System32\OLEAUT32.dll
0x00007ffa71680000 - 0x00007ffa716ad000 	C:\Windows\SYSTEM32\dwmapi.dll
0x00007ffa6fb40000 - 0x00007ffa70100000 	C:\Windows\SYSTEM32\d2d1.dll
0x00007ffa71250000 - 0x00007ffa712e9000 	C:\Windows\system32\uxtheme.dll

VM Arguments:
jvm_args: -Xmx1536m -Dfile.encoding=windows-1252 -Duser.country=US -Duser.language=en -Duser.variant 
java_command: org.gradle.launcher.daemon.bootstrap.GradleDaemon 6.1.1
java_class_path (initial): C:\Users\HP\.gradle\wrapper\dists\gradle-6.1.1-all\cfmwm155h49vnt3hynmlrsdst\gradle-6.1.1\lib\gradle-launcher-6.1.1.jar
Launcher Type: SUN_STANDARD

Environment Variables:
PATH=C:\Program Files (x86)\Common Files\Oracle\Java\javapath;C:\Windows\system32;C:\Windows;C:\Windows\System32\Wbem;C:\Windows\System32\WindowsPowerShell\v1.0\;C:\Windows\System32\OpenSSH\;C:\Program Files\nodejs\;C:\ProgramData\chocolatey\bin;C:\wamp64\bin\php\php7.3.12;C:\ProgramData\ComposerSetup\bin;C:\Program Files\Git\cmd;C:\Users\HP\AppData\Local\Programs\Python\Python38\Scripts\;C:\Users\HP\AppData\Local\Programs\Python\Python38\;C:\Users\HP\AppData\Local\Microsoft\WindowsApps;C:\Program Files\Java\jdk1.8.0_241\bin;C:\Program Files\Android\Android Studio\bin;C:\Program Files\heroku\bin;C:\Users\HP\AppData\Local\Programs\Microsoft VS Code\bin;C:\Users\HP\AppData\Roaming\npm;C:\Program Files\nodejs\;C:\Users\HP\AppData\Roaming\Composer\vendor\bin
USERNAME=HP
OS=Windows_NT
PROCESSOR_IDENTIFIER=AMD64 Family 23 Model 17 Stepping 0, AuthenticAMD



---------------  S Y S T E M  ---------------

OS: Windows 10.0 , 64 bit Build 18362 (10.0.18362.1110)

CPU:total 8 (initial active 8) (8 cores per cpu, 1 threads per core) family 23 model 17 stepping 0, cmov, cx8, fxsr, mmx, sse, sse2, sse3, ssse3, sse4.1, sse4.2, popcnt, avx, avx2, aes, clmul, mmxext, 3dnowpref, lzcnt, sse4a, tsc, tscinvbit, tscinv, bmi1

Memory: 4k page, physical 15617840k(2593160k free), swap 46792620k(1120k free)

vm_info: OpenJDK 64-Bit Server VM (25.242-b01) for windows-amd64 JRE (1.8.0_242-release-1644-b01), built by "builder" with MS VC++ 10.0 (VS2010)

time: Fri Dec 11 13:18:40 2020
timezone: E. Africa Standard Time
elapsed time: 1658 seconds (0d 0h 27m 38s)

